
[PYTHON_USAGE_STATUS]

CRITICAL ERROR! INVALID PYTHON SYNTAX/USAGE OR MISSING FILE!
[PYTHON_USAGE_STATUS=FAIL]

[GITHUB_USAGE_STATUS]
[GITHUB_USAGE_STATUS=PASS]

[TEST_CASES_STATUS]
TEST CASE FAILED
input:
3
2
1
-2

expected output:
6
your output:
CRITICAL ERROR!
TEST CASE FAILED
input:
100
20
3000
20
47
-1

expected output:
3187
your output:
CRITICAL ERROR!
TEST CASE FAILED
input:
2
3
4
5
-1
expected output:
14
your output:
CRITICAL ERROR!
found 3 issues.
[TEST_CASES_STATUS=FAIL]

