
[PYTHON_USAGE_STATUS]

CRITICAL ERROR! INVALID PYTHON SYNTAX/USAGE OR MISSING FILE!
[PYTHON_USAGE_STATUS=FAIL]

[GITHUB_USAGE_STATUS]
[GITHUB_USAGE_STATUS=PASS]

[TEST_CASES_STATUS]
TEST CASE FAILED
input:
2
3

expected output:
6.00
your output:
CRITICAL ERROR!
TEST CASE FAILED
input:
2.5
5

expected output:
12.50
your output:
CRITICAL ERROR!
TEST CASE FAILED
input:
3.1415
2.26

expected output:
7.10
your output:
CRITICAL ERROR!
found 3 issues.
[TEST_CASES_STATUS=FAIL]

