
[PYTHON_USAGE_STATUS]

CRITICAL ERROR! INVALID PYTHON SYNTAX/USAGE OR MISSING FILE!
[PYTHON_USAGE_STATUS=FAIL]

[GITHUB_USAGE_STATUS]
[GITHUB_USAGE_STATUS=PASS]

[TEST_CASES_STATUS]
TEST CASE FAILED
input:
7
7
9
-1

expected output:
7 7
your output:
CRITICAL ERROR!
TEST CASE FAILED
input:
12
4
6
8
-3

expected output:
4 6
your output:
CRITICAL ERROR!
TEST CASE FAILED
input:
5
1
8
4
3
-9

expected output:
1 3
your output:
CRITICAL ERROR!
TEST CASE FAILED
input:
5
3
8
4
1
-9

expected output:
1 3
your output:
CRITICAL ERROR!
found 4 issues.
[TEST_CASES_STATUS=FAIL]

