
[PYTHON_USAGE_STATUS]

CRITICAL ERROR! INVALID PYTHON SYNTAX/USAGE OR MISSING FILE!
[PYTHON_USAGE_STATUS=FAIL]

[GITHUB_USAGE_STATUS]
[GITHUB_USAGE_STATUS=PASS]

[TEST_CASES_STATUS]
TEST CASE FAILED
input:
92.0

expected output:
A
your output:
CRITICAL ERROR!
TEST CASE FAILED
input:
89.99

expected output:
B
your output:
CRITICAL ERROR!
TEST CASE FAILED
input:
60

expected output:
D
your output:
CRITICAL ERROR!
found 3 issues.
[TEST_CASES_STATUS=FAIL]

